<?xml version="1.0" encoding="UTF-8"?>
<testsuite xmlns:xsi="http://www.w3.org/2001/XMLSchema-instance" xsi:noNamespaceSchemaLocation="https://maven.apache.org/surefire/maven-surefire-plugin/xsd/surefire-test-report-3.0.xsd" version="3.0" name="TestSuite" time="604.892" tests="8" errors="0" skipped="4" failures="2">
  <properties>
    <property name="sun.desktop" value="windows"/>
    <property name="awt.toolkit" value="sun.awt.windows.WToolkit"/>
    <property name="file.encoding.pkg" value="sun.io"/>
    <property name="java.specification.version" value="1.8"/>
    <property name="webdriver.chrome.driver" value="./Drivers\chromedriver.exe"/>
    <property name="sun.cpu.isalist" value="amd64"/>
    <property name="sun.jnu.encoding" value="Cp1252"/>
    <property name="java.class.path" value="D:\Automation\E2Eproject\target\test-classes;D:\Automation\E2Eproject\target\classes;C:\Windows\system32\config\systemprofile\.m2\repository\junit\junit\3.8.1\junit-3.8.1.jar;C:\Windows\system32\config\systemprofile\.m2\repository\org\seleniumhq\selenium\selenium-java\3.141.59\selenium-java-3.141.59.jar;C:\Windows\system32\config\systemprofile\.m2\repository\org\seleniumhq\selenium\selenium-api\3.141.59\selenium-api-3.141.59.jar;C:\Windows\system32\config\systemprofile\.m2\repository\org\seleniumhq\selenium\selenium-chrome-driver\3.141.59\selenium-chrome-driver-3.141.59.jar;C:\Windows\system32\config\systemprofile\.m2\repository\org\seleniumhq\selenium\selenium-edge-driver\3.141.59\selenium-edge-driver-3.141.59.jar;C:\Windows\system32\config\systemprofile\.m2\repository\org\seleniumhq\selenium\selenium-firefox-driver\3.141.59\selenium-firefox-driver-3.141.59.jar;C:\Windows\system32\config\systemprofile\.m2\repository\org\seleniumhq\selenium\selenium-ie-driver\3.141.59\selenium-ie-driver-3.141.59.jar;C:\Windows\system32\config\systemprofile\.m2\repository\org\seleniumhq\selenium\selenium-opera-driver\3.141.59\selenium-opera-driver-3.141.59.jar;C:\Windows\system32\config\systemprofile\.m2\repository\org\seleniumhq\selenium\selenium-remote-driver\3.141.59\selenium-remote-driver-3.141.59.jar;C:\Windows\system32\config\systemprofile\.m2\repository\org\seleniumhq\selenium\selenium-safari-driver\3.141.59\selenium-safari-driver-3.141.59.jar;C:\Windows\system32\config\systemprofile\.m2\repository\org\seleniumhq\selenium\selenium-support\3.141.59\selenium-support-3.141.59.jar;C:\Windows\system32\config\systemprofile\.m2\repository\net\bytebuddy\byte-buddy\1.8.15\byte-buddy-1.8.15.jar;C:\Windows\system32\config\systemprofile\.m2\repository\org\apache\commons\commons-exec\1.3\commons-exec-1.3.jar;C:\Windows\system32\config\systemprofile\.m2\repository\com\google\guava\guava\25.0-jre\guava-25.0-jre.jar;C:\Windows\system32\config\systemprofile\.m2\repository\com\google\code\findbugs\jsr305\1.3.9\jsr305-1.3.9.jar;C:\Windows\system32\config\systemprofile\.m2\repository\org\checkerframework\checker-compat-qual\2.0.0\checker-compat-qual-2.0.0.jar;C:\Windows\system32\config\systemprofile\.m2\repository\com\google\errorprone\error_prone_annotations\2.1.3\error_prone_annotations-2.1.3.jar;C:\Windows\system32\config\systemprofile\.m2\repository\com\google\j2objc\j2objc-annotations\1.1\j2objc-annotations-1.1.jar;C:\Windows\system32\config\systemprofile\.m2\repository\org\codehaus\mojo\animal-sniffer-annotations\1.14\animal-sniffer-annotations-1.14.jar;C:\Windows\system32\config\systemprofile\.m2\repository\com\squareup\okhttp3\okhttp\3.11.0\okhttp-3.11.0.jar;C:\Windows\system32\config\systemprofile\.m2\repository\com\squareup\okio\okio\1.14.0\okio-1.14.0.jar;C:\Windows\system32\config\systemprofile\.m2\repository\org\testng\testng\6.14.3\testng-6.14.3.jar;C:\Windows\system32\config\systemprofile\.m2\repository\com\beust\jcommander\1.72\jcommander-1.72.jar;C:\Windows\system32\config\systemprofile\.m2\repository\org\apache-extras\beanshell\bsh\2.0b6\bsh-2.0b6.jar;C:\Windows\system32\config\systemprofile\.m2\repository\org\apache\logging\log4j\log4j-api\2.14.0\log4j-api-2.14.0.jar;C:\Windows\system32\config\systemprofile\.m2\repository\org\apache\logging\log4j\log4j-core\2.14.0\log4j-core-2.14.0.jar;C:\Windows\system32\config\systemprofile\.m2\repository\com\aventstack\extentreports\4.1.4\extentreports-4.1.4.jar;C:\Windows\system32\config\systemprofile\.m2\repository\org\freemarker\freemarker\2.3.29\freemarker-2.3.29.jar;C:\Windows\system32\config\systemprofile\.m2\repository\org\apache\httpcomponents\httpclient\4.5.2\httpclient-4.5.2.jar;C:\Windows\system32\config\systemprofile\.m2\repository\org\apache\httpcomponents\httpcore\4.4.4\httpcore-4.4.4.jar;C:\Windows\system32\config\systemprofile\.m2\repository\commons-logging\commons-logging\1.2\commons-logging-1.2.jar;C:\Windows\system32\config\systemprofile\.m2\repository\commons-codec\commons-codec\1.9\commons-codec-1.9.jar;C:\Windows\system32\config\systemprofile\.m2\repository\org\apache\httpcomponents\httpmime\4.5.2\httpmime-4.5.2.jar;C:\Windows\system32\config\systemprofile\.m2\repository\com\google\code\gson\gson\2.8.6\gson-2.8.6.jar;C:\Windows\system32\config\systemprofile\.m2\repository\org\mongodb\mongodb-driver\3.12.0\mongodb-driver-3.12.0.jar;C:\Windows\system32\config\systemprofile\.m2\repository\org\mongodb\mongodb-driver-core\3.12.0\mongodb-driver-core-3.12.0.jar;C:\Windows\system32\config\systemprofile\.m2\repository\org\mongodb\bson\3.12.0\bson-3.12.0.jar;C:\Windows\system32\config\systemprofile\.m2\repository\commons-io\commons-io\2.5\commons-io-2.5.jar;"/>
    <property name="java.vm.vendor" value="Oracle Corporation"/>
    <property name="sun.arch.data.model" value="64"/>
    <property name="user.variant" value=""/>
    <property name="java.vendor.url" value="http://java.oracle.com/"/>
    <property name="user.timezone" value="Asia/Calcutta"/>
    <property name="java.vm.specification.version" value="1.8"/>
    <property name="os.name" value="Windows 10"/>
    <property name="user.country" value="US"/>
    <property name="sun.java.launcher" value="SUN_STANDARD"/>
    <property name="sun.boot.library.path" value="C:\Program Files\Java\jdk1.8.0_221\jre\bin"/>
    <property name="sun.java.command" value="C:\Windows\Temp\surefire1647217235165746664\surefirebooter3702347580367387518.jar C:\Windows\Temp\surefire1647217235165746664 2021-02-09T15-13-02_828-jvmRun1 surefire2748762236941883727tmp surefire_06807927691982480281tmp"/>
    <property name="surefire.test.class.path" value="D:\Automation\E2Eproject\target\test-classes;D:\Automation\E2Eproject\target\classes;C:\Windows\system32\config\systemprofile\.m2\repository\junit\junit\3.8.1\junit-3.8.1.jar;C:\Windows\system32\config\systemprofile\.m2\repository\org\seleniumhq\selenium\selenium-java\3.141.59\selenium-java-3.141.59.jar;C:\Windows\system32\config\systemprofile\.m2\repository\org\seleniumhq\selenium\selenium-api\3.141.59\selenium-api-3.141.59.jar;C:\Windows\system32\config\systemprofile\.m2\repository\org\seleniumhq\selenium\selenium-chrome-driver\3.141.59\selenium-chrome-driver-3.141.59.jar;C:\Windows\system32\config\systemprofile\.m2\repository\org\seleniumhq\selenium\selenium-edge-driver\3.141.59\selenium-edge-driver-3.141.59.jar;C:\Windows\system32\config\systemprofile\.m2\repository\org\seleniumhq\selenium\selenium-firefox-driver\3.141.59\selenium-firefox-driver-3.141.59.jar;C:\Windows\system32\config\systemprofile\.m2\repository\org\seleniumhq\selenium\selenium-ie-driver\3.141.59\selenium-ie-driver-3.141.59.jar;C:\Windows\system32\config\systemprofile\.m2\repository\org\seleniumhq\selenium\selenium-opera-driver\3.141.59\selenium-opera-driver-3.141.59.jar;C:\Windows\system32\config\systemprofile\.m2\repository\org\seleniumhq\selenium\selenium-remote-driver\3.141.59\selenium-remote-driver-3.141.59.jar;C:\Windows\system32\config\systemprofile\.m2\repository\org\seleniumhq\selenium\selenium-safari-driver\3.141.59\selenium-safari-driver-3.141.59.jar;C:\Windows\system32\config\systemprofile\.m2\repository\org\seleniumhq\selenium\selenium-support\3.141.59\selenium-support-3.141.59.jar;C:\Windows\system32\config\systemprofile\.m2\repository\net\bytebuddy\byte-buddy\1.8.15\byte-buddy-1.8.15.jar;C:\Windows\system32\config\systemprofile\.m2\repository\org\apache\commons\commons-exec\1.3\commons-exec-1.3.jar;C:\Windows\system32\config\systemprofile\.m2\repository\com\google\guava\guava\25.0-jre\guava-25.0-jre.jar;C:\Windows\system32\config\systemprofile\.m2\repository\com\google\code\findbugs\jsr305\1.3.9\jsr305-1.3.9.jar;C:\Windows\system32\config\systemprofile\.m2\repository\org\checkerframework\checker-compat-qual\2.0.0\checker-compat-qual-2.0.0.jar;C:\Windows\system32\config\systemprofile\.m2\repository\com\google\errorprone\error_prone_annotations\2.1.3\error_prone_annotations-2.1.3.jar;C:\Windows\system32\config\systemprofile\.m2\repository\com\google\j2objc\j2objc-annotations\1.1\j2objc-annotations-1.1.jar;C:\Windows\system32\config\systemprofile\.m2\repository\org\codehaus\mojo\animal-sniffer-annotations\1.14\animal-sniffer-annotations-1.14.jar;C:\Windows\system32\config\systemprofile\.m2\repository\com\squareup\okhttp3\okhttp\3.11.0\okhttp-3.11.0.jar;C:\Windows\system32\config\systemprofile\.m2\repository\com\squareup\okio\okio\1.14.0\okio-1.14.0.jar;C:\Windows\system32\config\systemprofile\.m2\repository\org\testng\testng\6.14.3\testng-6.14.3.jar;C:\Windows\system32\config\systemprofile\.m2\repository\com\beust\jcommander\1.72\jcommander-1.72.jar;C:\Windows\system32\config\systemprofile\.m2\repository\org\apache-extras\beanshell\bsh\2.0b6\bsh-2.0b6.jar;C:\Windows\system32\config\systemprofile\.m2\repository\org\apache\logging\log4j\log4j-api\2.14.0\log4j-api-2.14.0.jar;C:\Windows\system32\config\systemprofile\.m2\repository\org\apache\logging\log4j\log4j-core\2.14.0\log4j-core-2.14.0.jar;C:\Windows\system32\config\systemprofile\.m2\repository\com\aventstack\extentreports\4.1.4\extentreports-4.1.4.jar;C:\Windows\system32\config\systemprofile\.m2\repository\org\freemarker\freemarker\2.3.29\freemarker-2.3.29.jar;C:\Windows\system32\config\systemprofile\.m2\repository\org\apache\httpcomponents\httpclient\4.5.2\httpclient-4.5.2.jar;C:\Windows\system32\config\systemprofile\.m2\repository\org\apache\httpcomponents\httpcore\4.4.4\httpcore-4.4.4.jar;C:\Windows\system32\config\systemprofile\.m2\repository\commons-logging\commons-logging\1.2\commons-logging-1.2.jar;C:\Windows\system32\config\systemprofile\.m2\repository\commons-codec\commons-codec\1.9\commons-codec-1.9.jar;C:\Windows\system32\config\systemprofile\.m2\repository\org\apache\httpcomponents\httpmime\4.5.2\httpmime-4.5.2.jar;C:\Windows\system32\config\systemprofile\.m2\repository\com\google\code\gson\gson\2.8.6\gson-2.8.6.jar;C:\Windows\system32\config\systemprofile\.m2\repository\org\mongodb\mongodb-driver\3.12.0\mongodb-driver-3.12.0.jar;C:\Windows\system32\config\systemprofile\.m2\repository\org\mongodb\mongodb-driver-core\3.12.0\mongodb-driver-core-3.12.0.jar;C:\Windows\system32\config\systemprofile\.m2\repository\org\mongodb\bson\3.12.0\bson-3.12.0.jar;C:\Windows\system32\config\systemprofile\.m2\repository\commons-io\commons-io\2.5\commons-io-2.5.jar;"/>
    <property name="sun.cpu.endian" value="little"/>
    <property name="user.home" value="C:\Windows\system32\config\systemprofile"/>
    <property name="user.language" value="en"/>
    <property name="java.specification.vendor" value="Oracle Corporation"/>
    <property name="java.home" value="C:\Program Files\Java\jdk1.8.0_221\jre"/>
    <property name="basedir" value="D:\Automation\E2Eproject"/>
    <property name="file.separator" value="\"/>
    <property name="line.separator" value="&#10;"/>
    <property name="java.vm.specification.vendor" value="Oracle Corporation"/>
    <property name="java.specification.name" value="Java Platform API Specification"/>
    <property name="java.awt.graphicsenv" value="sun.awt.Win32GraphicsEnvironment"/>
    <property name="surefire.real.class.path" value="C:\Windows\Temp\surefire1647217235165746664\surefirebooter3702347580367387518.jar"/>
    <property name="sun.boot.class.path" value="C:\Program Files\Java\jdk1.8.0_221\jre\lib\resources.jar;C:\Program Files\Java\jdk1.8.0_221\jre\lib\rt.jar;C:\Program Files\Java\jdk1.8.0_221\jre\lib\sunrsasign.jar;C:\Program Files\Java\jdk1.8.0_221\jre\lib\jsse.jar;C:\Program Files\Java\jdk1.8.0_221\jre\lib\jce.jar;C:\Program Files\Java\jdk1.8.0_221\jre\lib\charsets.jar;C:\Program Files\Java\jdk1.8.0_221\jre\lib\jfr.jar;C:\Program Files\Java\jdk1.8.0_221\jre\classes"/>
    <property name="user.script" value=""/>
    <property name="sun.management.compiler" value="HotSpot 64-Bit Tiered Compilers"/>
    <property name="java.runtime.version" value="1.8.0_221-b11"/>
    <property name="user.name" value="XIPL0505$"/>
    <property name="path.separator" value=";"/>
    <property name="os.version" value="10.0"/>
    <property name="java.endorsed.dirs" value="C:\Program Files\Java\jdk1.8.0_221\jre\lib\endorsed"/>
    <property name="java.runtime.name" value="Java(TM) SE Runtime Environment"/>
    <property name="file.encoding" value="Cp1252"/>
    <property name="java.vm.name" value="Java HotSpot(TM) 64-Bit Server VM"/>
    <property name="localRepository" value="C:\Windows\system32\config\systemprofile\.m2\repository"/>
    <property name="java.vendor.url.bug" value="http://bugreport.sun.com/bugreport/"/>
    <property name="java.io.tmpdir" value="C:\Windows\TEMP\"/>
    <property name="java.version" value="1.8.0_221"/>
    <property name="user.dir" value="D:\Automation\E2Eproject"/>
    <property name="os.arch" value="amd64"/>
    <property name="java.vm.specification.name" value="Java Virtual Machine Specification"/>
    <property name="java.awt.printerjob" value="sun.awt.windows.WPrinterJob"/>
    <property name="sun.os.patch.level" value=""/>
    <property name="java.library.path" value="C:\Program Files\Java\jdk1.8.0_221\jre\bin;C:\Windows\Sun\Java\bin;C:\Windows\system32;C:\Windows;C:\apache-maven\apache-maven-3.6.2/bin;C:\Program Files\Java\jdk1.8.0_221/bin;C:\Program Files\Java\jdk1.8.0_221/bin;C:\Program Files (x86)\Microsoft SDKs\Azure\CLI2\wbin;C:\Program Files (x86)\Common Files\Oracle\Java\javapath;C:\Windows\system32;C:\Windows;C:\Windows\System32\Wbem;C:\Windows\System32\WindowsPowerShell\v1.0\;C:\Windows\System32\OpenSSH\;C:\Program Files\dotnet\;C:\Program Files\Microsoft SQL Server\130\Tools\Binn\;C:\Program Files (x86)\Microsoft SQL Server\Client SDK\ODBC\130\Tools\Binn\;C:\Program Files (x86)\Microsoft SQL Server\140\Tools\Binn\;C:\Program Files (x86)\Microsoft SQL Server\140\DTS\Binn\;C:\Program Files (x86)\Microsoft SQL Server\140\Tools\Binn\ManagementStudio\;C:\apache-maven\apache-maven-3.6.2\bin;C:\Program Files\Microsoft SQL Server\140\Tools\Binn\;C:\Program Files\Microsoft SQL Server\140\DTS\Binn\;C:\Program Files\Microsoft SQL Server\Client SDK\ODBC\130\Tools\Binn\;C:\Program Files\TortoiseSVN\bin;C:\Program Files\nodejs\;C:\HashiCorp\Vagrant\bin;C:\Program Files\Git\cmd;C:\Users\xpltadm\AppData\Local\Microsoft\WindowsApps;C:\Users\xpltadm\.dotnet\tools;C:\Windows\system32\config\systemprofile\AppData\Roaming\npm;."/>
    <property name="java.vm.info" value="mixed mode"/>
    <property name="java.vendor" value="Oracle Corporation"/>
    <property name="java.vm.version" value="25.221-b11"/>
    <property name="java.ext.dirs" value="C:\Program Files\Java\jdk1.8.0_221\jre\lib\ext;C:\Windows\Sun\Java\lib\ext"/>
    <property name="sun.io.unicode.encoding" value="UnicodeLittle"/>
    <property name="java.class.version" value="52.0"/>
  </properties>
  <testcase name="baseNavigation[nonrestricteduser@qw.com, 123456, nonrestricteduser](1)" classname="Academy.HomePage" time="9.042">
    <system-out><![CDATA[nonrestricteduser
]]></system-out>
    <system-err><![CDATA[Starting ChromeDriver 87.0.4280.88 (89e2380a3e36c3464b5dd1302349b1382549290d-refs/branch-heads/4280@{#1761}) on port 2521
Only local connections are allowed.
Please see https://chromedriver.chromium.org/security-considerations for suggestions on keeping ChromeDriver safe.
ChromeDriver was started successfully.
Starting ChromeDriver 87.0.4280.88 (89e2380a3e36c3464b5dd1302349b1382549290d-refs/branch-heads/4280@{#1761}) on port 42308
Only local connections are allowed.
Please see https://chromedriver.chromium.org/security-considerations for suggestions on keeping ChromeDriver safe.
Starting ChromeDriver 87.0.4280.88 (89e2380a3e36c3464b5dd1302349b1382549290d-refs/branch-heads/4280@{#1761}) on port 49026
Only local connections are allowed.
Please see https://chromedriver.chromium.org/security-considerations for suggestions on keeping ChromeDriver safe.
ChromeDriver was started successfully.
ChromeDriver was started successfully.
Feb 09, 2021 3:13:08 PM org.openqa.selenium.remote.ProtocolHandshake createSession
INFO: Detected dialect: W3C
]]></system-err>
  </testcase>
  <testcase name="baseNavigation[restricteduser@qw.com, 123456, restricteduser](2)" classname="Academy.HomePage" time="6.561">
    <system-out><![CDATA[restricteduser
]]></system-out>
  </testcase>
  <testcase name="initialize" classname="Academy.ValidateTitle" time="588.963">
    <failure message="session not created&#10;from timeout: Timed out receiving message from renderer: 600.000&#10;  (Session info: chrome=87.0.4280.141)&#10;Build info: version: &apos;3.141.59&apos;, revision: &apos;e82be7d358&apos;, time: &apos;2018-11-14T08:17:03&apos;&#10;System info: host: &apos;XIPL0505&apos;, ip: &apos;172.27.252.245&apos;, os.name: &apos;Windows 10&apos;, os.arch: &apos;amd64&apos;, os.version: &apos;10.0&apos;, java.version: &apos;1.8.0_221&apos;&#10;Driver info: driver.version: ChromeDriver&#10;remote stacktrace: Backtrace:&#10;	Ordinal0 [0x0151C0C3+3326147]&#10;	Ordinal0 [0x01400851+2164817]&#10;	Ordinal0 [0x01287298+619160]&#10;	Ordinal0 [0x0127B17F+569727]&#10;	Ordinal0 [0x0127A421+566305]&#10;	Ordinal0 [0x0127A815+567317]&#10;	Ordinal0 [0x0127A135+565557]&#10;	Ordinal0 [0x012838B1+604337]&#10;	Ordinal0 [0x0127A0F1+565489]&#10;	Ordinal0 [0x0127AEA2+568994]&#10;	Ordinal0 [0x0127A421+566305]&#10;	Ordinal0 [0x0127A815+567317]&#10;	Ordinal0 [0x0127A135+565557]&#10;	Ordinal0 [0x01281D2C+597292]&#10;	Ordinal0 [0x0127A0F1+565489]&#10;	Ordinal0 [0x0127AEA2+568994]&#10;	Ordinal0 [0x0127A421+566305]&#10;	Ordinal0 [0x0127A815+567317]&#10;	Ordinal0 [0x0127A135+565557]&#10;	Ordinal0 [0x0127FE62+589410]&#10;	Ordinal0 [0x0127A0F1+565489]&#10;	Ordinal0 [0x0127AEA2+568994]&#10;	Ordinal0 [0x0127A421+566305]&#10;	Ordinal0 [0x0127A815+567317]&#10;	Ordinal0 [0x0127A135+565557]&#10;	Ordinal0 [0x0127F075+585845]&#10;	Ordinal0 [0x0127A0F1+565489]&#10;	Ordinal0 [0x0127AEA2+568994]&#10;	Ordinal0 [0x0127A421+566305]&#10;	Ordinal0 [0x0127A815+567317]&#10;	Ordinal0 [0x0127A135+565557]&#10;	Ordinal0 [0x01276776+550774]&#10;	Ordinal0 [0x0127A0F1+565489]&#10;	Ordinal0 [0x01279F13+565011]&#10;	Ordinal0 [0x01279D07+564487]&#10;	Ordinal0 [0x012882C0+623296]&#10;	Ordinal0 [0x01226BDD+224221]&#10;	Ordinal0 [0x01225CAC+220332]&#10;	Ordinal0 [0x0122189B+202907]&#10;	Ordinal0 [0x01203DF4+81396]&#10;	Ordinal0 [0x01204DEE+85486]&#10;	Ordinal0 [0x01204D79+85369]&#10;	Ordinal0 [0x014185DC+2262492]&#10;	GetHandleVerifier [0x016A2874+1487204]&#10;	GetHandleVerifier [0x016A23CD+1486013]&#10;	GetHandleVerifier [0x016AA368+1518680]&#10;	GetHandleVerifier [0x016A2F4E+1488958]&#10;	Ordinal0 [0x0140ED0D+2223373]&#10;	Ordinal0 [0x0141A12B+2269483]&#10;	Ordinal0 [0x0141A26F+2269807]&#10;	Ordinal0 [0x0142ECB8+2354360]&#10;	BaseThreadInitThunk [0x77B10419+25]&#10;	RtlGetAppContainerNamedObjectPath [0x77CD74ED+237]&#10;	RtlGetAppContainerNamedObjectPath [0x77CD74BD+189]&#10;" type="org.openqa.selenium.SessionNotCreatedException"><![CDATA[org.openqa.selenium.SessionNotCreatedException: 
session not created
from timeout: Timed out receiving message from renderer: 600.000
  (Session info: chrome=87.0.4280.141)
Build info: version: '3.141.59', revision: 'e82be7d358', time: '2018-11-14T08:17:03'
System info: host: 'XIPL0505', ip: '172.27.252.245', os.name: 'Windows 10', os.arch: 'amd64', os.version: '10.0', java.version: '1.8.0_221'
Driver info: driver.version: ChromeDriver
remote stacktrace: Backtrace:
	Ordinal0 [0x0151C0C3+3326147]
	Ordinal0 [0x01400851+2164817]
	Ordinal0 [0x01287298+619160]
	Ordinal0 [0x0127B17F+569727]
	Ordinal0 [0x0127A421+566305]
	Ordinal0 [0x0127A815+567317]
	Ordinal0 [0x0127A135+565557]
	Ordinal0 [0x012838B1+604337]
	Ordinal0 [0x0127A0F1+565489]
	Ordinal0 [0x0127AEA2+568994]
	Ordinal0 [0x0127A421+566305]
	Ordinal0 [0x0127A815+567317]
	Ordinal0 [0x0127A135+565557]
	Ordinal0 [0x01281D2C+597292]
	Ordinal0 [0x0127A0F1+565489]
	Ordinal0 [0x0127AEA2+568994]
	Ordinal0 [0x0127A421+566305]
	Ordinal0 [0x0127A815+567317]
	Ordinal0 [0x0127A135+565557]
	Ordinal0 [0x0127FE62+589410]
	Ordinal0 [0x0127A0F1+565489]
	Ordinal0 [0x0127AEA2+568994]
	Ordinal0 [0x0127A421+566305]
	Ordinal0 [0x0127A815+567317]
	Ordinal0 [0x0127A135+565557]
	Ordinal0 [0x0127F075+585845]
	Ordinal0 [0x0127A0F1+565489]
	Ordinal0 [0x0127AEA2+568994]
	Ordinal0 [0x0127A421+566305]
	Ordinal0 [0x0127A815+567317]
	Ordinal0 [0x0127A135+565557]
	Ordinal0 [0x01276776+550774]
	Ordinal0 [0x0127A0F1+565489]
	Ordinal0 [0x01279F13+565011]
	Ordinal0 [0x01279D07+564487]
	Ordinal0 [0x012882C0+623296]
	Ordinal0 [0x01226BDD+224221]
	Ordinal0 [0x01225CAC+220332]
	Ordinal0 [0x0122189B+202907]
	Ordinal0 [0x01203DF4+81396]
	Ordinal0 [0x01204DEE+85486]
	Ordinal0 [0x01204D79+85369]
	Ordinal0 [0x014185DC+2262492]
	GetHandleVerifier [0x016A2874+1487204]
	GetHandleVerifier [0x016A23CD+1486013]
	GetHandleVerifier [0x016AA368+1518680]
	GetHandleVerifier [0x016A2F4E+1488958]
	Ordinal0 [0x0140ED0D+2223373]
	Ordinal0 [0x0141A12B+2269483]
	Ordinal0 [0x0141A26F+2269807]
	Ordinal0 [0x0142ECB8+2354360]
	BaseThreadInitThunk [0x77B10419+25]
	RtlGetAppContainerNamedObjectPath [0x77CD74ED+237]
	RtlGetAppContainerNamedObjectPath [0x77CD74BD+189]

	at Academy.ValidateTitle.initialize(ValidateTitle.java:30)
]]></failure>
    <system-err><![CDATA[[1612864387.260][SEVERE]: Timed out receiving message from renderer: 600.000
]]></system-err>
  </testcase>
  <testcase name="baseNavigation" classname="Academy.ValidateTitle" time="0">
    <skipped message="session not created&#10;from timeout: Timed out receiving message from renderer: 600.000&#10;  (Session info: chrome=87.0.4280.141)&#10;Build info: version: &apos;3.141.59&apos;, revision: &apos;e82be7d358&apos;, time: &apos;2018-11-14T08:17:03&apos;&#10;System info: host: &apos;XIPL0505&apos;, ip: &apos;172.27.252.245&apos;, os.name: &apos;Windows 10&apos;, os.arch: &apos;amd64&apos;, os.version: &apos;10.0&apos;, java.version: &apos;1.8.0_221&apos;&#10;Driver info: driver.version: ChromeDriver&#10;remote stacktrace: Backtrace:&#10;	Ordinal0 [0x0151C0C3+3326147]&#10;	Ordinal0 [0x01400851+2164817]&#10;	Ordinal0 [0x01287298+619160]&#10;	Ordinal0 [0x0127B17F+569727]&#10;	Ordinal0 [0x0127A421+566305]&#10;	Ordinal0 [0x0127A815+567317]&#10;	Ordinal0 [0x0127A135+565557]&#10;	Ordinal0 [0x012838B1+604337]&#10;	Ordinal0 [0x0127A0F1+565489]&#10;	Ordinal0 [0x0127AEA2+568994]&#10;	Ordinal0 [0x0127A421+566305]&#10;	Ordinal0 [0x0127A815+567317]&#10;	Ordinal0 [0x0127A135+565557]&#10;	Ordinal0 [0x01281D2C+597292]&#10;	Ordinal0 [0x0127A0F1+565489]&#10;	Ordinal0 [0x0127AEA2+568994]&#10;	Ordinal0 [0x0127A421+566305]&#10;	Ordinal0 [0x0127A815+567317]&#10;	Ordinal0 [0x0127A135+565557]&#10;	Ordinal0 [0x0127FE62+589410]&#10;	Ordinal0 [0x0127A0F1+565489]&#10;	Ordinal0 [0x0127AEA2+568994]&#10;	Ordinal0 [0x0127A421+566305]&#10;	Ordinal0 [0x0127A815+567317]&#10;	Ordinal0 [0x0127A135+565557]&#10;	Ordinal0 [0x0127F075+585845]&#10;	Ordinal0 [0x0127A0F1+565489]&#10;	Ordinal0 [0x0127AEA2+568994]&#10;	Ordinal0 [0x0127A421+566305]&#10;	Ordinal0 [0x0127A815+567317]&#10;	Ordinal0 [0x0127A135+565557]&#10;	Ordinal0 [0x01276776+550774]&#10;	Ordinal0 [0x0127A0F1+565489]&#10;	Ordinal0 [0x01279F13+565011]&#10;	Ordinal0 [0x01279D07+564487]&#10;	Ordinal0 [0x012882C0+623296]&#10;	Ordinal0 [0x01226BDD+224221]&#10;	Ordinal0 [0x01225CAC+220332]&#10;	Ordinal0 [0x0122189B+202907]&#10;	Ordinal0 [0x01203DF4+81396]&#10;	Ordinal0 [0x01204DEE+85486]&#10;	Ordinal0 [0x01204D79+85369]&#10;	Ordinal0 [0x014185DC+2262492]&#10;	GetHandleVerifier [0x016A2874+1487204]&#10;	GetHandleVerifier [0x016A23CD+1486013]&#10;	GetHandleVerifier [0x016AA368+1518680]&#10;	GetHandleVerifier [0x016A2F4E+1488958]&#10;	Ordinal0 [0x0140ED0D+2223373]&#10;	Ordinal0 [0x0141A12B+2269483]&#10;	Ordinal0 [0x0141A26F+2269807]&#10;	Ordinal0 [0x0142ECB8+2354360]&#10;	BaseThreadInitThunk [0x77B10419+25]&#10;	RtlGetAppContainerNamedObjectPath [0x77CD74ED+237]&#10;	RtlGetAppContainerNamedObjectPath [0x77CD74BD+189]&#10;"/>
  </testcase>
  <testcase name="teardown" classname="Academy.ValidateTitle" time="0">
    <skipped/>
  </testcase>
  <testcase name="initialize" classname="Academy.ValidateNavigationBar" time="590.013">
    <failure message="session not created&#10;from timeout: Timed out receiving message from renderer: 600.000&#10;  (Session info: chrome=87.0.4280.141)&#10;Build info: version: &apos;3.141.59&apos;, revision: &apos;e82be7d358&apos;, time: &apos;2018-11-14T08:17:03&apos;&#10;System info: host: &apos;XIPL0505&apos;, ip: &apos;172.27.252.245&apos;, os.name: &apos;Windows 10&apos;, os.arch: &apos;amd64&apos;, os.version: &apos;10.0&apos;, java.version: &apos;1.8.0_221&apos;&#10;Driver info: driver.version: ChromeDriver&#10;remote stacktrace: Backtrace:&#10;	Ordinal0 [0x0151C0C3+3326147]&#10;	Ordinal0 [0x01400851+2164817]&#10;	Ordinal0 [0x01287298+619160]&#10;	Ordinal0 [0x0127B17F+569727]&#10;	Ordinal0 [0x0127A421+566305]&#10;	Ordinal0 [0x0127A815+567317]&#10;	Ordinal0 [0x0127A135+565557]&#10;	Ordinal0 [0x012838B1+604337]&#10;	Ordinal0 [0x0127A0F1+565489]&#10;	Ordinal0 [0x0127AEA2+568994]&#10;	Ordinal0 [0x0127A421+566305]&#10;	Ordinal0 [0x0127A815+567317]&#10;	Ordinal0 [0x0127A135+565557]&#10;	Ordinal0 [0x01281D2C+597292]&#10;	Ordinal0 [0x0127A0F1+565489]&#10;	Ordinal0 [0x0127AEA2+568994]&#10;	Ordinal0 [0x0127A421+566305]&#10;	Ordinal0 [0x0127A815+567317]&#10;	Ordinal0 [0x0127A135+565557]&#10;	Ordinal0 [0x0127FE62+589410]&#10;	Ordinal0 [0x0127A0F1+565489]&#10;	Ordinal0 [0x0127AEA2+568994]&#10;	Ordinal0 [0x0127A421+566305]&#10;	Ordinal0 [0x0127A815+567317]&#10;	Ordinal0 [0x0127A135+565557]&#10;	Ordinal0 [0x0127F075+585845]&#10;	Ordinal0 [0x0127A0F1+565489]&#10;	Ordinal0 [0x0127AEA2+568994]&#10;	Ordinal0 [0x0127A421+566305]&#10;	Ordinal0 [0x0127A815+567317]&#10;	Ordinal0 [0x0127A135+565557]&#10;	Ordinal0 [0x01276776+550774]&#10;	Ordinal0 [0x0127A0F1+565489]&#10;	Ordinal0 [0x01279F13+565011]&#10;	Ordinal0 [0x01279D07+564487]&#10;	Ordinal0 [0x012882C0+623296]&#10;	Ordinal0 [0x01226BDD+224221]&#10;	Ordinal0 [0x01225CAC+220332]&#10;	Ordinal0 [0x0122189B+202907]&#10;	Ordinal0 [0x01203DF4+81396]&#10;	Ordinal0 [0x01204DEE+85486]&#10;	Ordinal0 [0x01204D79+85369]&#10;	Ordinal0 [0x014185DC+2262492]&#10;	GetHandleVerifier [0x016A2874+1487204]&#10;	GetHandleVerifier [0x016A23CD+1486013]&#10;	GetHandleVerifier [0x016AA368+1518680]&#10;	GetHandleVerifier [0x016A2F4E+1488958]&#10;	Ordinal0 [0x0140ED0D+2223373]&#10;	Ordinal0 [0x0141A12B+2269483]&#10;	Ordinal0 [0x0141A26F+2269807]&#10;	Ordinal0 [0x0142ECB8+2354360]&#10;	BaseThreadInitThunk [0x77B10419+25]&#10;	RtlGetAppContainerNamedObjectPath [0x77CD74ED+237]&#10;	RtlGetAppContainerNamedObjectPath [0x77CD74BD+189]&#10;" type="org.openqa.selenium.SessionNotCreatedException"><![CDATA[org.openqa.selenium.SessionNotCreatedException: 
session not created
from timeout: Timed out receiving message from renderer: 600.000
  (Session info: chrome=87.0.4280.141)
Build info: version: '3.141.59', revision: 'e82be7d358', time: '2018-11-14T08:17:03'
System info: host: 'XIPL0505', ip: '172.27.252.245', os.name: 'Windows 10', os.arch: 'amd64', os.version: '10.0', java.version: '1.8.0_221'
Driver info: driver.version: ChromeDriver
remote stacktrace: Backtrace:
	Ordinal0 [0x0151C0C3+3326147]
	Ordinal0 [0x01400851+2164817]
	Ordinal0 [0x01287298+619160]
	Ordinal0 [0x0127B17F+569727]
	Ordinal0 [0x0127A421+566305]
	Ordinal0 [0x0127A815+567317]
	Ordinal0 [0x0127A135+565557]
	Ordinal0 [0x012838B1+604337]
	Ordinal0 [0x0127A0F1+565489]
	Ordinal0 [0x0127AEA2+568994]
	Ordinal0 [0x0127A421+566305]
	Ordinal0 [0x0127A815+567317]
	Ordinal0 [0x0127A135+565557]
	Ordinal0 [0x01281D2C+597292]
	Ordinal0 [0x0127A0F1+565489]
	Ordinal0 [0x0127AEA2+568994]
	Ordinal0 [0x0127A421+566305]
	Ordinal0 [0x0127A815+567317]
	Ordinal0 [0x0127A135+565557]
	Ordinal0 [0x0127FE62+589410]
	Ordinal0 [0x0127A0F1+565489]
	Ordinal0 [0x0127AEA2+568994]
	Ordinal0 [0x0127A421+566305]
	Ordinal0 [0x0127A815+567317]
	Ordinal0 [0x0127A135+565557]
	Ordinal0 [0x0127F075+585845]
	Ordinal0 [0x0127A0F1+565489]
	Ordinal0 [0x0127AEA2+568994]
	Ordinal0 [0x0127A421+566305]
	Ordinal0 [0x0127A815+567317]
	Ordinal0 [0x0127A135+565557]
	Ordinal0 [0x01276776+550774]
	Ordinal0 [0x0127A0F1+565489]
	Ordinal0 [0x01279F13+565011]
	Ordinal0 [0x01279D07+564487]
	Ordinal0 [0x012882C0+623296]
	Ordinal0 [0x01226BDD+224221]
	Ordinal0 [0x01225CAC+220332]
	Ordinal0 [0x0122189B+202907]
	Ordinal0 [0x01203DF4+81396]
	Ordinal0 [0x01204DEE+85486]
	Ordinal0 [0x01204D79+85369]
	Ordinal0 [0x014185DC+2262492]
	GetHandleVerifier [0x016A2874+1487204]
	GetHandleVerifier [0x016A23CD+1486013]
	GetHandleVerifier [0x016AA368+1518680]
	GetHandleVerifier [0x016A2F4E+1488958]
	Ordinal0 [0x0140ED0D+2223373]
	Ordinal0 [0x0141A12B+2269483]
	Ordinal0 [0x0141A26F+2269807]
	Ordinal0 [0x0142ECB8+2354360]
	BaseThreadInitThunk [0x77B10419+25]
	RtlGetAppContainerNamedObjectPath [0x77CD74ED+237]
	RtlGetAppContainerNamedObjectPath [0x77CD74BD+189]

	at Academy.ValidateNavigationBar.initialize(ValidateNavigationBar.java:29)
]]></failure>
    <system-err><![CDATA[[1612864388.333][SEVERE]: Timed out receiving message from renderer: 600.000
]]></system-err>
  </testcase>
  <testcase name="baseNavigation" classname="Academy.ValidateNavigationBar" time="0">
    <skipped message="session not created&#10;from timeout: Timed out receiving message from renderer: 600.000&#10;  (Session info: chrome=87.0.4280.141)&#10;Build info: version: &apos;3.141.59&apos;, revision: &apos;e82be7d358&apos;, time: &apos;2018-11-14T08:17:03&apos;&#10;System info: host: &apos;XIPL0505&apos;, ip: &apos;172.27.252.245&apos;, os.name: &apos;Windows 10&apos;, os.arch: &apos;amd64&apos;, os.version: &apos;10.0&apos;, java.version: &apos;1.8.0_221&apos;&#10;Driver info: driver.version: ChromeDriver&#10;remote stacktrace: Backtrace:&#10;	Ordinal0 [0x0151C0C3+3326147]&#10;	Ordinal0 [0x01400851+2164817]&#10;	Ordinal0 [0x01287298+619160]&#10;	Ordinal0 [0x0127B17F+569727]&#10;	Ordinal0 [0x0127A421+566305]&#10;	Ordinal0 [0x0127A815+567317]&#10;	Ordinal0 [0x0127A135+565557]&#10;	Ordinal0 [0x012838B1+604337]&#10;	Ordinal0 [0x0127A0F1+565489]&#10;	Ordinal0 [0x0127AEA2+568994]&#10;	Ordinal0 [0x0127A421+566305]&#10;	Ordinal0 [0x0127A815+567317]&#10;	Ordinal0 [0x0127A135+565557]&#10;	Ordinal0 [0x01281D2C+597292]&#10;	Ordinal0 [0x0127A0F1+565489]&#10;	Ordinal0 [0x0127AEA2+568994]&#10;	Ordinal0 [0x0127A421+566305]&#10;	Ordinal0 [0x0127A815+567317]&#10;	Ordinal0 [0x0127A135+565557]&#10;	Ordinal0 [0x0127FE62+589410]&#10;	Ordinal0 [0x0127A0F1+565489]&#10;	Ordinal0 [0x0127AEA2+568994]&#10;	Ordinal0 [0x0127A421+566305]&#10;	Ordinal0 [0x0127A815+567317]&#10;	Ordinal0 [0x0127A135+565557]&#10;	Ordinal0 [0x0127F075+585845]&#10;	Ordinal0 [0x0127A0F1+565489]&#10;	Ordinal0 [0x0127AEA2+568994]&#10;	Ordinal0 [0x0127A421+566305]&#10;	Ordinal0 [0x0127A815+567317]&#10;	Ordinal0 [0x0127A135+565557]&#10;	Ordinal0 [0x01276776+550774]&#10;	Ordinal0 [0x0127A0F1+565489]&#10;	Ordinal0 [0x01279F13+565011]&#10;	Ordinal0 [0x01279D07+564487]&#10;	Ordinal0 [0x012882C0+623296]&#10;	Ordinal0 [0x01226BDD+224221]&#10;	Ordinal0 [0x01225CAC+220332]&#10;	Ordinal0 [0x0122189B+202907]&#10;	Ordinal0 [0x01203DF4+81396]&#10;	Ordinal0 [0x01204DEE+85486]&#10;	Ordinal0 [0x01204D79+85369]&#10;	Ordinal0 [0x014185DC+2262492]&#10;	GetHandleVerifier [0x016A2874+1487204]&#10;	GetHandleVerifier [0x016A23CD+1486013]&#10;	GetHandleVerifier [0x016AA368+1518680]&#10;	GetHandleVerifier [0x016A2F4E+1488958]&#10;	Ordinal0 [0x0140ED0D+2223373]&#10;	Ordinal0 [0x0141A12B+2269483]&#10;	Ordinal0 [0x0141A26F+2269807]&#10;	Ordinal0 [0x0142ECB8+2354360]&#10;	BaseThreadInitThunk [0x77B10419+25]&#10;	RtlGetAppContainerNamedObjectPath [0x77CD74ED+237]&#10;	RtlGetAppContainerNamedObjectPath [0x77CD74BD+189]&#10;"/>
  </testcase>
  <testcase name="teardown" classname="Academy.ValidateNavigationBar" time="0">
    <skipped/>
  </testcase>
</testsuite>