<?xml version="1.0" encoding="UTF-8"?>
<!-- Generated by org.testng.reporters.JUnitReportReporter -->
<testsuite skipped="0" hostname="XIPL0505" name="Academy.HomePage" tests="2" failures="0" timestamp="09 Feb 2021 06:17:02 GMT" time="14.753" errors="0">
  <testcase name="baseNavigation" time="8.543" classname="Academy.HomePage"/>
  <testcase name="baseNavigation" time="6.210" classname="Academy.HomePage"/>
</testsuite> <!-- Academy.HomePage -->
