<?xml version="1.0" encoding="UTF-8"?>
<!-- Generated by org.testng.reporters.JUnitReportReporter -->
<testsuite skipped="0" hostname="XIPL0505" name="Academy.ValidateNavigationBar" tests="1" failures="0" timestamp="09 Feb 2021 04:14:20 GMT" time="4.872" errors="0">
  <testcase name="baseNavigation" time="4.872" classname="Academy.ValidateNavigationBar"/>
</testsuite> <!-- Academy.ValidateNavigationBar -->
