<?xml version="1.0" encoding="UTF-8"?>
<!-- Generated by org.testng.reporters.JUnitReportReporter -->
<testsuite skipped="0" hostname="XIPL0505" name="Academy.HomePage" tests="2" failures="0" timestamp="09 Feb 2021 09:53:08 GMT" time="15.640" errors="0">
  <testcase name="baseNavigation" time="6.562" classname="Academy.HomePage"/>
  <testcase name="baseNavigation" time="9.078" classname="Academy.HomePage"/>
</testsuite> <!-- Academy.HomePage -->
