<?xml version="1.0" encoding="UTF-8"?>
<!-- Generated by org.testng.reporters.JUnitReportReporter -->
<testsuite skipped="0" hostname="XIPL0505" name="Academy.ValidateNavigationBar" tests="1" failures="0" timestamp="09 Feb 2021 06:06:10 GMT" time="7.013" errors="0">
  <testcase name="baseNavigation" time="7.013" classname="Academy.ValidateNavigationBar"/>
</testsuite> <!-- Academy.ValidateNavigationBar -->
